commit c3a36fc6178f83222482950a2be3a23b1818af6e
Author: Yang, Xiao <yusheng.yx@alibaba-inc.com>
Date:   Fri Sep 21 14:46:03 2018 +0800

    [README.txt] update version number to be V2.2.1.1
    
    Signed-off-by: Yang, Xiao <yusheng.yx@alibaba-inc.com>

commit c976effb836d927062304f9f6e951668415c55e9
Author: Yang, Xiao <yusheng.yx@alibaba-inc.com>
Date:   Thu Sep 20 13:12:27 2018 +0800

    [build-rules] update for ROM footprint statistics
    
    Signed-off-by: Yang, Xiao <yusheng.yx@alibaba-inc.com>

commit c6fc4e04c535abac580b8bf94cc5673f3b20bd54
Author: Yang, Xiao <yusheng.yx@alibaba-inc.com>
Date:   Fri Sep 21 12:40:45 2018 +0800

    [include] fix mistaken included iotx_log.h in iot_import_dtls.h
    
    Signed-off-by: Yang, Xiao <yusheng.yx@alibaba-inc.com>

commit c4114ededfbbe60c4e001a7679ed6fc5f65016ba
Author: Yang, Xiao <yusheng.yx@alibaba-inc.com>
Date:   Tue Sep 4 15:24:22 2018 +0800

    [README.txt] update to carry version number of V2.2.1
    
    Signed-off-by: Yang, Xiao <yusheng.yx@alibaba-inc.com>

commit 0520525fbe0ce3fc8af91949f3058754e3654b98
Author: Yang, Xiao <yusheng.yx@alibaba-inc.com>
Date:   Tue Sep 4 10:25:05 2018 +0800

    [makefile] control build src/protocol/alcs by FEATURE_SDK_ENHANCE
    
    Signed-off-by: Yang, Xiao <yusheng.yx@alibaba-inc.com>

commit dcd9ec96c2ad3953de87d11757d0cd0ee1064a1f
Author: Yang, Xiao <yusheng.yx@alibaba-inc.com>
Date:   Tue Sep 4 09:39:10 2018 +0800

    [README.txt] update for release V2.2.1
    
    Signed-off-by: Yang, Xiao <yusheng.yx@alibaba-inc.com>

commit efce46438531593ac0bc6b1a62c6fa992914284f
Author: zixun.lyq <zixun.lyq@alibaba-inc.com>
Date:   Mon Sep 3 23:03:19 2018 +0800

    [uota] compile warning

commit 9d65e36ba726b65115f272f8651454e5b98943b1
Author: Yang, Xiao <yusheng.yx@alibaba-inc.com>
Date:   Mon Sep 3 22:49:26 2018 +0800

    [board] enable OTA build for MK3060 and MK3080
    
    Signed-off-by: Yang, Xiao <yusheng.yx@alibaba-inc.com>

commit e61a5d76514235be785693730b4eff720a0bb760
Author: zixun.lyq <zixun.lyq@alibaba-inc.com>
Date:   Mon Sep 3 22:33:02 2018 +0800

    [uota] cross build for esp8266
    
    1) adapte diff platform for uota

commit c0cd83fe1a461a2de062773432a392e63746e04e
Author: Yang, Xiao <yusheng.yx@alibaba-inc.com>
Date:   Mon Sep 3 21:32:25 2018 +0800

    [board] enable OTA build for ESP8266
    
    Signed-off-by: Yang, Xiao <yusheng.yx@alibaba-inc.com>

commit 16de2e71e84a4d10851a3ea860363be6d5909c72
Author: Yang, Xiao <yusheng.yx@alibaba-inc.com>
Date:   Sun Sep 2 01:55:52 2018 +0800

    BugID:16550887:[build-rules] fix ROM and RAM cost statistics to be faster
    
    Signed-off-by: Yang, Xiao <yusheng.yx@alibaba-inc.com>

commit 834d6a32a71e7c82c3ec74432527835ba0a155bb
Author: Yang, Xiao <yusheng.yx@alibaba-inc.com>
Date:   Fri Aug 31 16:40:34 2018 +0800

    BugID:16550887:[uOTA] fix build errors of uOTA on Windows demo
    
    Signed-off-by: Yang, Xiao <yusheng.yx@alibaba-inc.com>

commit e76c4c3fa832292f924b165ae89c6d0e616d681e
Author: yinghao.cyh <yinghao.cyh@alibaba-inc.com>
Date:   Fri Aug 31 15:53:38 2018 +0800

    BugID:16772956 [example] fix post invalid parameter when timer expired

commit 50ae1d191b233df8dd08ce30d515ba0c2f322e05
Author: Yang, Xiao <yusheng.yx@alibaba-inc.com>
Date:   Fri Aug 31 14:49:45 2018 +0800

    BugID:16550887:[build-rules] add progress demostrate for cross compile environment setup
    
    Signed-off-by: Yang, Xiao <yusheng.yx@alibaba-inc.com>

commit d806b5b2e667a10776b4d58ea6e3dab607c2b1d9
Author: Yang, Xiao <yusheng.yx@alibaba-inc.com>
Date:   Fri Aug 31 01:21:25 2018 +0800

    BugID:16550887:[cmake] adjust CMakeLists.txt for examples renaming
    
    Signed-off-by: Yang, Xiao <yusheng.yx@alibaba-inc.com>

commit 09d3dff2b4cef65889fc2396ff06363778c0a410
Author: Yang, Xiao <yusheng.yx@alibaba-inc.com>
Date:   Fri Aug 31 00:47:50 2018 +0800

    BugID:16550887:[board] add config.mk3080.aos
    
    Signed-off-by: Yang, Xiao <yusheng.yx@alibaba-inc.com>

commit 1dc8d21537e8095ef838a344fb50c4c73249b92a
Author: Yang, Xiao <yusheng.yx@alibaba-inc.com>
Date:   Fri Aug 31 00:39:16 2018 +0800

    BugID:16550887:[board] add config.mk3060.aos
    
    Signed-off-by: Yang, Xiao <yusheng.yx@alibaba-inc.com>

commit c8ad09f28df24871099daf8d3b24b7cc8e83079b
Author: Yang, Xiao <yusheng.yx@alibaba-inc.com>
Date:   Fri Aug 31 00:26:40 2018 +0800

    BugID:16550887:[board] add config.esp8266.aos
    
    Signed-off-by: Yang, Xiao <yusheng.yx@alibaba-inc.com>

commit 91533926e1eebc4777c7c44c23c2e6d23beebb8d
Author: Yang, Xiao <yusheng.yx@alibaba-inc.com>
Date:   Fri Aug 31 00:26:23 2018 +0800

    BugID:16550887:[build-rules] fix cross compile environment setup
    
    Signed-off-by: Yang, Xiao <yusheng.yx@alibaba-inc.com>

commit b036f6961ac7e71fdb56c9a42d9e41f9114f6768
Author: Yang, Xiao <yusheng.yx@alibaba-inc.com>
Date:   Thu Aug 30 19:10:57 2018 +0800

    BugID:16550887:[tools] remove obsoleted output/release/src generation
    
    Signed-off-by: Yang, Xiao <yusheng.yx@alibaba-inc.com>
